<?xml version="1.0" encoding="UTF-8"?>
<testsuite name="Cucumber" time="11.015" tests="2" skipped="0" failures="0" errors="0">
<testcase classname="validating the login for an application" name="To test login with valid data - Example #1.1" time="9.124">
<system-out><![CDATA[
Given Open the browser and go to the login page of order placing site.......passed
When user enters a valid username "performance_glitch_user".................passed
And user enters a valid password "secret_sauce".............................passed
And user click on login button..............................................passed
Then user should see the  "SWAGLABS"........................................passed
]]></system-out>
</testcase>
<testcase classname="validating the login for an application" name="To test login with valid data - Example #1.2" time="1.685">
<system-out><![CDATA[
Given Open the browser and go to the login page of order placing site.......passed
When user enters a valid username "standard_user"...........................passed
And user enters a valid password "secret_sauce".............................passed
And user click on login button..............................................passed
Then user should see the  "SWAGLABS"........................................passed
]]></system-out>
</testcase>
</testsuite>
